Determining if the pthread_create exist failed with the following output:
Change Dir: /home/uga/smithcg/Desktop/test/build-CPSC587A4Boids-Desktop-Default/CMakeFiles/CMakeTmp

Run Build Command(s):/usr/bin/gmake cmTC_5c78c/fast 
/usr/bin/gmake -f CMakeFiles/cmTC_5c78c.dir/build.make CMakeFiles/cmTC_5c78c.dir/build
gmake[1]: Entering directory '/home/uga/smithcg/Desktop/test/build-CPSC587A4Boids-Desktop-Default/CMakeFiles/CMakeTmp'
Building C object CMakeFiles/cmTC_5c78c.dir/CheckSymbolExists.c.o
/usr/lib64/ccache/gcc    -o CMakeFiles/cmTC_5c78c.dir/CheckSymbolExists.c.o   -c /home/uga/smithcg/Desktop/test/build-CPSC587A4Boids-Desktop-Default/CMakeFiles/CMakeTmp/CheckSymbolExists.c
Linking C executable cmTC_5c78c
/usr/bin/cmake -E cmake_link_script CMakeFiles/cmTC_5c78c.dir/link.txt --verbose=1
/usr/lib64/ccache/gcc      -rdynamic CMakeFiles/cmTC_5c78c.dir/CheckSymbolExists.c.o  -o cmTC_5c78c 
CMakeFiles/cmTC_5c78c.dir/CheckSymbolExists.c.o: In function `main':
CheckSymbolExists.c:(.text+0x16): undefined reference to `pthread_create'
collect2: error: ld returned 1 exit status
gmake[1]: *** [CMakeFiles/cmTC_5c78c.dir/build.make:87: cmTC_5c78c] Error 1
gmake[1]: Leaving directory '/home/uga/smithcg/Desktop/test/build-CPSC587A4Boids-Desktop-Default/CMakeFiles/CMakeTmp'
gmake: *** [Makefile:121: cmTC_5c78c/fast] Error 2

File /home/uga/smithcg/Desktop/test/build-CPSC587A4Boids-Desktop-Default/CMakeFiles/CMakeTmp/CheckSymbolExists.c:
/* */
#include <pthread.h>

int main(int argc, char** argv)
{
  (void)argv;
#ifndef pthread_create
  return ((int*)(&pthread_create))[argc];
#else
  (void)argc;
  return 0;
#endif
}

Determining if the function pthread_create exists in the pthreads failed with the following output:
Change Dir: /home/uga/smithcg/Desktop/test/build-CPSC587A4Boids-Desktop-Default/CMakeFiles/CMakeTmp

Run Build Command(s):/usr/bin/gmake cmTC_cc323/fast 
/usr/bin/gmake -f CMakeFiles/cmTC_cc323.dir/build.make CMakeFiles/cmTC_cc323.dir/build
gmake[1]: Entering directory '/home/uga/smithcg/Desktop/test/build-CPSC587A4Boids-Desktop-Default/CMakeFiles/CMakeTmp'
Building C object CMakeFiles/cmTC_cc323.dir/CheckFunctionExists.c.o
/usr/lib64/ccache/gcc   -DCHECK_FUNCTION_EXISTS=pthread_create   -o CMakeFiles/cmTC_cc323.dir/CheckFunctionExists.c.o   -c /usr/share/cmake/Modules/CheckFunctionExists.c
Linking C executable cmTC_cc323
/usr/bin/cmake -E cmake_link_script CMakeFiles/cmTC_cc323.dir/link.txt --verbose=1
/usr/lib64/ccache/gcc  -DCHECK_FUNCTION_EXISTS=pthread_create    -rdynamic CMakeFiles/cmTC_cc323.dir/CheckFunctionExists.c.o  -o cmTC_cc323 -lpthreads 
/usr/bin/ld: cannot find -lpthreads
collect2: error: ld returned 1 exit status
gmake[1]: *** [CMakeFiles/cmTC_cc323.dir/build.make:87: cmTC_cc323] Error 1
gmake[1]: Leaving directory '/home/uga/smithcg/Desktop/test/build-CPSC587A4Boids-Desktop-Default/CMakeFiles/CMakeTmp'
gmake: *** [Makefile:121: cmTC_cc323/fast] Error 2


